[0.844s] colcon DEBUG Command line arguments: ['/usr/bin/colcon', 'list', '-p', '--base-paths', '/home/weison/Desktop/ONNX-Runtime-Inference']
[0.844s] colcon DEBUG Parsed command line arguments: Namespace(log_base=None, log_level=None, verb_name='list', build_base='build', ignore_user_meta=False, metas=['./colcon.meta'], base_paths=['/home/weison/Desktop/ONNX-Runtime-Inference'], packages_ignore=None, packages_ignore_regex=None, paths=None, packages_up_to=None, packages_up_to_regex=None, packages_above=None, packages_above_and_dependencies=None, packages_above_depth=None, packages_select_by_dep=None, packages_skip_by_dep=None, packages_skip_up_to=None, packages_select_build_failed=False, packages_skip_build_finished=False, packages_select_test_failures=False, packages_skip_test_passed=False, packages_select=None, packages_skip=None, packages_select_regex=None, packages_skip_regex=None, packages_start=None, packages_end=None, allow_overriding=[], topological_order=False, names_only=False, paths_only=True, topological_graph=False, topological_graph_dot=False, topological_graph_density=False, topological_graph_legend=False, topological_graph_dot_cluster=False, topological_graph_dot_include_skipped=False, verb_parser=<colcon_defaults.argument_parser.defaults.DefaultArgumentsDecorator object at 0x7288504b75b0>, verb_extension=<colcon_package_information.verb.list.ListVerb object at 0x728850d960b0>, main=<bound method ListVerb.main of <colcon_package_information.verb.list.ListVerb object at 0x728850d960b0>>)
[0.886s] colcon.colcon_core.package_discovery Level 1 discover_packages(colcon_meta) check parameters
[0.886s] colcon.colcon_core.package_discovery Level 1 discover_packages(recursive) check parameters
[0.886s] colcon.colcon_core.package_discovery Level 1 discover_packages(ignore) check parameters
[0.886s] colcon.colcon_core.package_discovery Level 1 discover_packages(path) check parameters
[0.886s] colcon.colcon_core.package_discovery Level 1 discover_packages(recursive) discover
[0.886s] colcon.colcon_core.package_discovery INFO Crawling recursively for packages in '/home/weison/Desktop/ONNX-Runtime-Inference'
[0.887s] colcon.colcon_core.package_identification Level 1 _identify(/home/weison/Desktop/ONNX-Runtime-Inference) by extensions ['ignore', 'ignore_ament_install']
[0.887s] colcon.colcon_core.package_identification Level 1 _identify(/home/weison/Desktop/ONNX-Runtime-Inference) by extension 'ignore'
[0.887s] colcon.colcon_core.package_identification Level 1 _identify(/home/weison/Desktop/ONNX-Runtime-Inference) by extension 'ignore_ament_install'
[0.887s] colcon.colcon_core.package_identification Level 1 _identify(/home/weison/Desktop/ONNX-Runtime-Inference) by extensions ['colcon_pkg']
[0.887s] colcon.colcon_core.package_identification Level 1 _identify(/home/weison/Desktop/ONNX-Runtime-Inference) by extension 'colcon_pkg'
[0.887s] colcon.colcon_core.package_identification Level 1 _identify(/home/weison/Desktop/ONNX-Runtime-Inference) by extensions ['colcon_meta']
[0.887s] colcon.colcon_core.package_identification Level 1 _identify(/home/weison/Desktop/ONNX-Runtime-Inference) by extension 'colcon_meta'
[0.887s] colcon.colcon_core.package_identification Level 1 _identify(/home/weison/Desktop/ONNX-Runtime-Inference) by extensions ['ros']
[0.887s] colcon.colcon_core.package_identification Level 1 _identify(/home/weison/Desktop/ONNX-Runtime-Inference) by extension 'ros'
[0.895s] colcon.colcon_core.package_identification Level 1 _identify(/home/weison/Desktop/ONNX-Runtime-Inference) by extensions ['cmake', 'python']
[0.895s] colcon.colcon_core.package_identification Level 1 _identify(/home/weison/Desktop/ONNX-Runtime-Inference) by extension 'cmake'
[0.898s] colcon.colcon_core.package_identification Level 1 _identify(/home/weison/Desktop/ONNX-Runtime-Inference) by extension 'python'
[0.898s] colcon.colcon_core.package_identification DEBUG Package '/home/weison/Desktop/ONNX-Runtime-Inference' with type 'cmake' and name 'ONNX_Runtime_Examples'
[0.898s] colcon.colcon_core.package_discovery Level 1 discover_packages(recursive) using defaults
